Log file open, 02/07/19 16:57:10
LogWindows: Failed to load 'aqProf.dll' (GetLastError=126)
LogWindows: File 'aqProf.dll' does not exist
LogWindows: Failed to load 'VtuneApi.dll' (GetLastError=126)
LogWindows: File 'VtuneApi.dll' does not exist
LogWindows: Failed to load 'VtuneApi32e.dll' (GetLastError=126)
LogWindows: File 'VtuneApi32e.dll' does not exist
LogConsoleResponse: Display: Failed to find resolution value strings in scalability ini. Falling back to default.
LogInit: Display: Running engine for game: MyProject
LogPakFile: Registered encryption key '00000000000000000000000000000000': 0 pak files mounted, 0 remain pending
LogPlatformFile: Not using cached read wrapper
LogTaskGraph: Started task graph with 5 named threads and 35 total threads with 3 sets of task threads.
LogStats: Stats thread started at 0.456867
LogD3D11RHI: Loaded GFSDK_Aftermath_Lib.x64.dll
LogICUInternationalization: ICU TimeZone Detection - Raw Offset: -5:00, Platform Override: ''
LogPluginManager: Mounting plugin Paper2D
LogPluginManager: Mounting plugin AISupport
LogPluginManager: Mounting plugin LightPropagationVolume
LogPluginManager: Mounting plugin ActorLayerUtilities
LogPluginManager: Mounting plugin CLionSourceCodeAccess
LogPluginManager: Mounting plugin CodeLiteSourceCodeAccess
LogPluginManager: Mounting plugin GitSourceControl
LogPluginManager: Mounting plugin KDevelopSourceCodeAccess
LogPluginManager: Mounting plugin NullSourceCodeAccess
LogPluginManager: Mounting plugin PerforceSourceControl
LogPluginManager: Mounting plugin SubversionSourceControl
LogPluginManager: Mounting plugin UObjectPlugin
LogPluginManager: Mounting plugin VisualStudioCodeSourceCodeAccess
LogPluginManager: Mounting plugin VisualStudioSourceCodeAccess
LogPluginManager: Mounting plugin XCodeSourceCodeAccess
LogPluginManager: Mounting plugin AssetManagerEditor
LogPluginManager: Mounting plugin CryptoKeys
LogPluginManager: Mounting plugin DataValidation
LogPluginManager: Mounting plugin FacialAnimation
LogPluginManager: Mounting plugin GameplayTagsEditor
LogPluginManager: Mounting plugin MacGraphicsSwitching
LogPluginManager: Mounting plugin MeshEditor
LogPluginManager: Mounting plugin MobileLauncherProfileWizard
LogPluginManager: Mounting plugin PluginBrowser
LogPluginManager: Mounting plugin SpeedTreeImporter
LogPluginManager: Mounting plugin DatasmithContent
LogPluginManager: Mounting plugin VariantManagerContent
LogPluginManager: Mounting plugin AlembicImporter
LogPluginManager: Mounting plugin AppleImageUtils
LogPluginManager: Mounting plugin AppleVision
LogPluginManager: Mounting plugin BackChannel
LogPluginManager: Mounting plugin CharacterAI
LogPluginManager: Mounting plugin GeometryCache
LogPluginManager: Mounting plugin HTML5Networking
LogPluginManager: Mounting plugin ProxyLODPlugin
LogPluginManager: Mounting plugin MagicLeap
LogPluginManager: Mounting plugin MagicLeapMedia
LogPluginManager: Mounting plugin AndroidMedia
LogPluginManager: Mounting plugin AvfMedia
LogPluginManager: Mounting plugin ImgMedia
LogPluginManager: Mounting plugin LinearTimecode
LogPluginManager: Mounting plugin MediaCompositing
LogPluginManager: Mounting plugin MediaPlayerEditor
LogPluginManager: Mounting plugin WebMMedia
LogPluginManager: Mounting plugin WmfMedia
LogPluginManager: Mounting plugin TcpMessaging
LogPluginManager: Mounting plugin UdpMessaging
LogPluginManager: Mounting plugin ActorSequence
LogPluginManager: Mounting plugin LevelSequenceEditor
LogPluginManager: Mounting plugin MatineeToLevelSequence
LogPluginManager: Mounting plugin NetcodeUnitTest
LogPluginManager: Mounting plugin NUTUnrealEngine4
LogPluginManager: Mounting plugin OnlineSubsystemGooglePlay
LogPluginManager: Mounting plugin OnlineSubsystemIOS
LogPluginManager: Mounting plugin OnlineSubsystem
LogPluginManager: Mounting plugin OnlineSubsystemNull
LogPluginManager: Mounting plugin OnlineSubsystemUtils
LogPluginManager: Mounting plugin LauncherChunkInstaller
LogPluginManager: Mounting plugin AndroidDeviceProfileSelector
LogPluginManager: Mounting plugin AndroidMoviePlayer
LogPluginManager: Mounting plugin AndroidPermission
LogPluginManager: Mounting plugin AppleMoviePlayer
LogPluginManager: Mounting plugin ArchVisCharacter
LogPluginManager: Mounting plugin AudioCapture
LogPluginManager: Mounting plugin CableComponent
LogPluginManager: Mounting plugin CustomMeshComponent
LogPluginManager: Mounting plugin EditableMesh
LogPluginManager: Mounting plugin ExampleDeviceProfileSelector
LogPluginManager: Mounting plugin Firebase
LogPluginManager: Mounting plugin GoogleCloudMessaging
LogPluginManager: Mounting plugin IOSDeviceProfileSelector
LogPluginManager: Mounting plugin LinuxDeviceProfileSelector
LogPluginManager: Mounting plugin LocationServicesBPLibrary
LogPluginManager: Mounting plugin MobilePatchingUtils
LogPluginManager: Mounting plugin OculusVR
LogPluginManager: Mounting plugin PhysXVehicles
LogPluginManager: Mounting plugin ProceduralMeshComponent
LogPluginManager: Mounting plugin RuntimePhysXCooking
LogPluginManager: Mounting plugin SteamVR
LogPluginManager: Mounting plugin WebMMoviePlayer
LogPluginManager: Mounting plugin WindowsMoviePlayer
LogStreaming: Display: Took  0.100s to configure plugins.
LogInit: Using libcurl 7.55.1-DEV
LogInit:  - built for x86_64-pc-win32
LogInit:  - supports SSL with OpenSSL/1.0.2h
LogInit:  - supports HTTP deflate (compression) using libz 1.2.8
LogInit:  - other features:
LogInit:      CURL_VERSION_SSL
LogInit:      CURL_VERSION_LIBZ
LogInit:      CURL_VERSION_IPV6
LogInit:      CURL_VERSION_ASYNCHDNS
LogInit:      CURL_VERSION_LARGEFILE
LogInit:      CURL_VERSION_IDN
LogInit:  CurlRequestOptions (configurable via config and command line):
LogInit:  - bVerifyPeer = true  - Libcurl will verify peer certificate
LogInit:  - bUseHttpProxy = false  - Libcurl will NOT use HTTP proxy
LogInit:  - bDontReuseConnections = false  - Libcurl will reuse connections
LogInit:  - MaxHostConnections = 16  - Libcurl will limit the number of connections to a host
LogInit:  - LocalHostAddr = Default
LogInit:  - BufferSize = 65536
LogInit: WinSock: version 1.1 (2.2), MaxSocks=32767, MaxUdp=65467
LogInit: Build: ++UE4+Release-4.21-CL-4753647
LogInit: Engine Version: 4.21.2-4753647+++UE4+Release-4.21
LogInit: Compatible Engine Version: 4.21.0-4541578+++UE4+Release-4.21
LogInit: Net CL: 4541578
LogInit: OS: Windows 10 (), CPU: Intel(R) Core(TM) i7-8750H CPU @ 2.20GHz, GPU: Intel(R) UHD Graphics 630
LogInit: Compiled (64-bit): Jan 19 2019 02:07:31
LogInit: Compiled with Visual C++: 19.13.26129.00
LogInit: Build Configuration: Development
LogInit: Branch Name: ++UE4+Release-4.21
LogInit: Command Line:  -EpicPortal -epicusername=bsr199bsr199 -epicuserid=3188bb0a76ae449c8adb7cc13d7d637c -epiclocale=en-US
LogInit: Base Directory: C:/Program Files/Epic Games/UE_4.21/Engine/Binaries/Win64/
LogInit: Installed Engine Build: 1
LogDevObjectVersion: Number of dev versions registered: 22
LogDevObjectVersion:   Dev-Blueprints (B0D832E4-1F89-4F0D-ACCF-7EB736FD4AA2): 10
LogDevObjectVersion:   Dev-Build (E1C64328-A22C-4D53-A36C-8E866417BD8C): 0
LogDevObjectVersion:   Dev-Core (375EC13C-06E4-48FB-B500-84F0262A717E): 2
LogDevObjectVersion:   Dev-Editor (E4B068ED-F494-42E9-A231-DA0B2E46BB41): 26
LogDevObjectVersion:   Dev-Framework (CFFC743F-43B0-4480-9391-14DF171D2073): 34
LogDevObjectVersion:   Dev-Mobile (B02B49B5-BB20-44E9-A304-32B752E40360): 2
LogDevObjectVersion:   Dev-Networking (A4E4105C-59A1-49B5-A7C5-40C4547EDFEE): 0
LogDevObjectVersion:   Dev-Online (39C831C9-5AE6-47DC-9A44-9C173E1C8E7C): 0
LogDevObjectVersion:   Dev-Physics (78F01B33-EBEA-4F98-B9B4-84EACCB95AA2): 0
LogDevObjectVersion:   Dev-Platform (6631380F-2D4D-43E0-8009-CF276956A95A): 0
LogDevObjectVersion:   Dev-Rendering (12F88B9F-8875-4AFC-A67C-D90C383ABD29): 27
LogDevObjectVersion:   Dev-Sequencer (7B5AE74C-D270-4C10-A958-57980B212A5A): 9
LogDevObjectVersion:   Dev-VR (D7296918-1DD6-4BDD-9DE2-64A83CC13884): 2
LogDevObjectVersion:   Dev-LoadTimes (C2A15278-BFE7-4AFE-6C17-90FF531DF755): 1
LogDevObjectVersion:   Private-Geometry (6EACA3D4-40EC-4CC1-B786-8BED09428FC5): 3
LogDevObjectVersion:   Dev-AnimPhys (29E575DD-E0A3-4627-9D10-D276232CDCEA): 17
LogDevObjectVersion:   Dev-Anim (AF43A65D-7FD3-4947-9873-3E8ED9C1BB05): 2
LogDevObjectVersion:   Dev-ReflectionCapture (6B266CEC-1EC7-4B8F-A30B-E4D90942FC07): 1
LogDevObjectVersion:   Dev-Automation (0DF73D61-A23F-47EA-B727-89E90C41499A): 1
LogDevObjectVersion:   FortniteMain (601D1886-AC64-4F84-AA16-D3DE0DEAC7D6): 17
LogDevObjectVersion:   Dev-Enterprise (9DFFBCD6-494F-0158-E221-12823C92A888): 4
LogDevObjectVersion:   Dev-Niagara (F2AED0AC-9AFE-416F-8664-AA7FFA26D6FC): 1
LogStreaming: Display: Took  0.000s to delete old logs.
LogInit: Presizing for max 8388607 objects, including 0 objects not considered by GC, pre-allocating 0 bytes for permanent pool.
LogInit: Object subsystem initialized
LogConfig: Setting CVar [[con.DebugEarlyDefault:1]]
LogConfig: Setting CVar [[r.setres:1280x720]]
[2019.02.07-21.57.10:434][  0]LogConfig: Setting CVar [[r.VSync:0]]
[2019.02.07-21.57.10:434][  0]LogConfig: Setting CVar [[r.RHICmdBypass:0]]
[2019.02.07-21.57.10:434][  0]LogConfig: Applying CVar settings from Section [/Script/Engine.RendererSettings] File [C:/Users/kao51/OneDrive/Documents/GitHub/I-Remember-Prototype/MyProject/Saved/Config/Windows/Engine.ini]
[2019.02.07-21.57.10:434][  0]LogConfig: Setting CVar [[r.GPUCrashDebugging:0]]
[2019.02.07-21.57.10:434][  0]LogConfig: Applying CVar settings from Section [/Script/Engine.RendererOverrideSettings] File [C:/Users/kao51/OneDrive/Documents/GitHub/I-Remember-Prototype/MyProject/Saved/Config/Windows/Engine.ini]
[2019.02.07-21.57.10:434][  0]LogConfig: Applying CVar settings from Section [/Script/Engine.StreamingSettings] File [C:/Users/kao51/OneDrive/Documents/GitHub/I-Remember-Prototype/MyProject/Saved/Config/Windows/Engine.ini]
[2019.02.07-21.57.10:434][  0]LogConfig: Setting CVar [[s.MinBulkDataSizeForAsyncLoading:131072]]
[2019.02.07-21.57.10:434][  0]LogConfig: Setting CVar [[s.AsyncLoadingThreadEnabled:0]]
[2019.02.07-21.57.10:434][  0]LogConfig: Setting CVar [[s.EventDrivenLoaderEnabled:1]]
[2019.02.07-21.57.10:434][  0]LogConfig: Setting CVar [[s.WarnIfTimeLimitExceeded:0]]
[2019.02.07-21.57.10:434][  0]LogConfig: Setting CVar [[s.TimeLimitExceededMultiplier:1.5]]
[2019.02.07-21.57.10:434][  0]LogConfig: Setting CVar [[s.TimeLimitExceededMinTime:0.005]]
[2019.02.07-21.57.10:434][  0]LogConfig: Setting CVar [[s.UseBackgroundLevelStreaming:1]]
[2019.02.07-21.57.10:435][  0]LogConfig: Setting CVar [[s.PriorityAsyncLoadingExtraTime:15.0]]
[2019.02.07-21.57.10:435][  0]LogConfig: Setting CVar [[s.LevelStreamingActorsUpdateTimeLimit:5.0]]
[2019.02.07-21.57.10:435][  0]LogConfig: Setting CVar [[s.PriorityLevelStreamingActorsUpdateExtraTime:5.0]]
[2019.02.07-21.57.10:435][  0]LogConfig: Setting CVar [[s.LevelStreamingComponentsRegistrationGranularity:10]]
[2019.02.07-21.57.10:435][  0]LogConfig: Setting CVar [[s.UnregisterComponentsTimeLimit:1.0]]
[2019.02.07-21.57.10:435][  0]LogConfig: Setting CVar [[s.LevelStreamingComponentsUnregistrationGranularity:5]]
[2019.02.07-21.57.10:435][  0]LogConfig: Applying CVar settings from Section [/Script/Engine.GarbageCollectionSettings] File [C:/Users/kao51/OneDrive/Documents/GitHub/I-Remember-Prototype/MyProject/Saved/Config/Windows/Engine.ini]
[2019.02.07-21.57.10:435][  0]LogConfig: Setting CVar [[gc.MaxObjectsNotConsideredByGC:1]]
[2019.02.07-21.57.10:435][  0]LogConfig: Setting CVar [[gc.SizeOfPermanentObjectPool:0]]
[2019.02.07-21.57.10:435][  0]LogConfig: Setting CVar [[gc.FlushStreamingOnGC:0]]
[2019.02.07-21.57.10:435][  0]LogConfig: Setting CVar [[gc.NumRetriesBeforeForcingGC:10]]
[2019.02.07-21.57.10:435][  0]LogConfig: Setting CVar [[gc.AllowParallelGC:1]]
[2019.02.07-21.57.10:435][  0]LogConfig: Setting CVar [[gc.TimeBetweenPurgingPendingKillObjects:61.1]]
[2019.02.07-21.57.10:435][  0]LogConfig: Setting CVar [[gc.MaxObjectsInEditor:8388607]]
[2019.02.07-21.57.10:435][  0]LogConfig: Setting CVar [[gc.IncrementalBeginDestroyEnabled:1]]
[2019.02.07-21.57.10:435][  0]LogConfig: Setting CVar [[gc.CreateGCClusters:1]]
[2019.02.07-21.57.10:435][  0]LogConfig: Setting CVar [[gc.MergeGCClusters:0]]
[2019.02.07-21.57.10:435][  0]LogConfig: Setting CVar [[gc.MinGCClusterSize:5]]
[2019.02.07-21.57.10:435][  0]LogConfig: Setting CVar [[gc.ActorClusteringEnabled:0]]
[2019.02.07-21.57.10:435][  0]LogConfig: Setting CVar [[gc.BlueprintClusteringEnabled:0]]
[2019.02.07-21.57.10:435][  0]LogConfig: Setting CVar [[gc.UseDisregardForGCOnDedicatedServers:0]]
[2019.02.07-21.57.10:435][  0]LogConfig: Applying CVar settings from Section [/Script/Engine.NetworkSettings] File [C:/Users/kao51/OneDrive/Documents/GitHub/I-Remember-Prototype/MyProject/Saved/Config/Windows/Engine.ini]
[2019.02.07-21.57.10:435][  0]LogConfig: Applying CVar settings from Section [/Script/UnrealEd.CookerSettings] File [C:/Users/kao51/OneDrive/Documents/GitHub/I-Remember-Prototype/MyProject/Saved/Config/Windows/Engine.ini]
[2019.02.07-21.57.10:438][  0]LogConfig: Applying CVar settings from Section [ViewDistanceQuality@3] File [C:/Users/kao51/OneDrive/Documents/GitHub/I-Remember-Prototype/MyProject/Saved/Config/Windows/Scalability.ini]
[2019.02.07-21.57.10:438][  0]LogConfig: Setting CVar [[r.SkeletalMeshLODBias:0]]
[2019.02.07-21.57.10:438][  0]LogConfig: Setting CVar [[r.ViewDistanceScale:1.0]]
[2019.02.07-21.57.10:438][  0]LogConfig: Applying CVar settings from Section [AntiAliasingQuality@3] File [C:/Users/kao51/OneDrive/Documents/GitHub/I-Remember-Prototype/MyProject/Saved/Config/Windows/Scalability.ini]
[2019.02.07-21.57.10:438][  0]LogConfig: Setting CVar [[r.PostProcessAAQuality:4]]
[2019.02.07-21.57.10:438][  0]LogConfig: Applying CVar settings from Section [ShadowQuality@3] File [C:/Users/kao51/OneDrive/Documents/GitHub/I-Remember-Prototype/MyProject/Saved/Config/Windows/Scalability.ini]
[2019.02.07-21.57.10:438][  0]LogConfig: Setting CVar [[r.LightFunctionQuality:1]]
[2019.02.07-21.57.10:438][  0]LogConfig: Setting CVar [[r.ShadowQuality:5]]
[2019.02.07-21.57.10:438][  0]LogConfig: Setting CVar [[r.Shadow.CSM.MaxCascades:10]]
[2019.02.07-21.57.10:438][  0]LogConfig: Setting CVar [[r.Shadow.MaxResolution:2048]]
[2019.02.07-21.57.10:438][  0]LogConfig: Setting CVar [[r.Shadow.MaxCSMResolution:2048]]
[2019.02.07-21.57.10:438][  0]LogConfig: Setting CVar [[r.Shadow.RadiusThreshold:0.01]]
[2019.02.07-21.57.10:438][  0]LogConfig: Setting CVar [[r.Shadow.DistanceScale:1.0]]
[2019.02.07-21.57.10:438][  0]LogConfig: Setting CVar [[r.Shadow.CSM.TransitionScale:1.0]]
[2019.02.07-21.57.10:438][  0]LogConfig: Setting CVar [[r.Shadow.PreShadowResolutionFactor:1.0]]
[2019.02.07-21.57.10:438][  0]LogConfig: Setting CVar [[r.DistanceFieldShadowing:1]]
[2019.02.07-21.57.10:438][  0]LogConfig: Setting CVar [[r.DistanceFieldAO:1]]
[2019.02.07-21.57.10:439][  0]LogConfig: Setting CVar [[r.AOQuality:2]]
[2019.02.07-21.57.10:439][  0]LogConfig: Setting CVar [[r.VolumetricFog:1]]
[2019.02.07-21.57.10:439][  0]LogConfig: Setting CVar [[r.VolumetricFog.GridPixelSize:8]]
[2019.02.07-21.57.10:439][  0]LogConfig: Setting CVar [[r.VolumetricFog.GridSizeZ:128]]
[2019.02.07-21.57.10:439][  0]LogConfig: Setting CVar [[r.VolumetricFog.HistoryMissSupersampleCount:4]]
[2019.02.07-21.57.10:439][  0]LogConfig: Setting CVar [[r.LightMaxDrawDistanceScale:1]]
[2019.02.07-21.57.10:439][  0]LogConfig: Setting CVar [[r.CapsuleShadows:1]]
[2019.02.07-21.57.10:439][  0]LogConfig: Applying CVar settings from Section [PostProcessQuality@3] File [C:/Users/kao51/OneDrive/Documents/GitHub/I-Remember-Prototype/MyProject/Saved/Config/Windows/Scalability.ini]
[2019.02.07-21.57.10:439][  0]LogConfig: Setting CVar [[r.MotionBlurQuality:4]]
[2019.02.07-21.57.10:439][  0]LogConfig: Setting CVar [[r.AmbientOcclusionMipLevelFactor:0.4]]
[2019.02.07-21.57.10:439][  0]LogConfig: Setting CVar [[r.AmbientOcclusionMaxQuality:100]]
[2019.02.07-21.57.10:439][  0]LogConfig: Setting CVar [[r.AmbientOcclusionLevels:-1]]
[2019.02.07-21.57.10:439][  0]LogConfig: Setting CVar [[r.AmbientOcclusionRadiusScale:1.0]]
[2019.02.07-21.57.10:439][  0]LogConfig: Setting CVar [[r.DepthOfFieldQuality:2]]
[2019.02.07-21.57.10:439][  0]LogConfig: Setting CVar [[r.RenderTargetPoolMin:400]]
[2019.02.07-21.57.10:439][  0]LogConfig: Setting CVar [[r.LensFlareQuality:2]]
[2019.02.07-21.57.10:439][  0]LogConfig: Setting CVar [[r.SceneColorFringeQuality:1]]
[2019.02.07-21.57.10:439][  0]LogConfig: Setting CVar [[r.EyeAdaptationQuality:2]]
[2019.02.07-21.57.10:439][  0]LogConfig: Setting CVar [[r.BloomQuality:5]]
[2019.02.07-21.57.10:439][  0]LogConfig: Setting CVar [[r.FastBlurThreshold:100]]
[2019.02.07-21.57.10:439][  0]LogConfig: Setting CVar [[r.Upscale.Quality:3]]
[2019.02.07-21.57.10:439][  0]LogConfig: Setting CVar [[r.Tonemapper.GrainQuantization:1]]
[2019.02.07-21.57.10:439][  0]LogConfig: Setting CVar [[r.LightShaftQuality:1]]
[2019.02.07-21.57.10:439][  0]LogConfig: Setting CVar [[r.Filter.SizeScale:1]]
[2019.02.07-21.57.10:439][  0]LogConfig: Setting CVar [[r.Tonemapper.Quality:5]]
[2019.02.07-21.57.10:439][  0]LogConfig: Setting CVar [[r.DOF.Gather.AccumulatorQuality:1        ; higher gathering accumulator quality]]
[2019.02.07-21.57.10:439][  0]LogConfig: Setting CVar [[r.DOF.Gather.PostfilterMethod:1          ; Median3x3 postfilering method]]
[2019.02.07-21.57.10:439][  0]LogConfig: Setting CVar [[r.DOF.Gather.EnableBokehSettings:0       ; no bokeh simulation when gathering]]
[2019.02.07-21.57.10:439][  0]LogConfig: Setting CVar [[r.DOF.Gather.RingCount:4                 ; medium number of samples when gathering]]
[2019.02.07-21.57.10:440][  0]LogConfig: Setting CVar [[r.DOF.Scatter.ForegroundCompositing:1    ; additive foreground scattering]]
[2019.02.07-21.57.10:440][  0]LogConfig: Setting CVar [[r.DOF.Scatter.BackgroundCompositing:2    ; additive background scattering]]
[2019.02.07-21.57.10:440][  0]LogConfig: Setting CVar [[r.DOF.Scatter.EnableBokehSettings:1      ; bokeh simulation when scattering]]
[2019.02.07-21.57.10:440][  0]LogConfig: Setting CVar [[r.DOF.Scatter.MaxSpriteRatio:0.1         ; only a maximum of 10% of scattered bokeh]]
[2019.02.07-21.57.10:440][  0]LogConfig: Setting CVar [[r.DOF.Recombine.Quality:1                ; cheap slight out of focus]]
[2019.02.07-21.57.10:440][  0]LogConfig: Setting CVar [[r.DOF.Recombine.EnableBokehSettings:0    ; no bokeh simulation on slight out of focus]]
[2019.02.07-21.57.10:440][  0]LogConfig: Setting CVar [[r.DOF.TemporalAAQuality:1                ; more stable temporal accumulation]]
[2019.02.07-21.57.10:440][  0]LogConfig: Setting CVar [[r.DOF.Kernel.MaxForegroundRadius:0.025]]
[2019.02.07-21.57.10:440][  0]LogConfig: Setting CVar [[r.DOF.Kernel.MaxBackgroundRadius:0.025]]
[2019.02.07-21.57.10:440][  0]LogConfig: Applying CVar settings from Section [TextureQuality@3] File [C:/Users/kao51/OneDrive/Documents/GitHub/I-Remember-Prototype/MyProject/Saved/Config/Windows/Scalability.ini]
[2019.02.07-21.57.10:440][  0]LogConfig: Setting CVar [[r.Streaming.MipBias:0]]
[2019.02.07-21.57.10:440][  0]LogConfig: Setting CVar [[r.Streaming.AmortizeCPUToGPUCopy:0]]
[2019.02.07-21.57.10:440][  0]LogConfig: Setting CVar [[r.Streaming.MaxNumTexturesToStreamPerFrame:0]]
[2019.02.07-21.57.10:440][  0]LogConfig: Setting CVar [[r.Streaming.Boost:1]]
[2019.02.07-21.57.10:440][  0]LogConfig: Setting CVar [[r.MaxAnisotropy:8]]
[2019.02.07-21.57.10:440][  0]LogConfig: Setting CVar [[r.Streaming.LimitPoolSizeToVRAM:0]]
[2019.02.07-21.57.10:440][  0]LogConfig: Setting CVar [[r.Streaming.PoolSize:1000]]
[2019.02.07-21.57.10:440][  0]LogConfig: Setting CVar [[r.Streaming.MaxEffectiveScreenSize:0]]
[2019.02.07-21.57.10:440][  0]LogConfig: Applying CVar settings from Section [EffectsQuality@3] File [C:/Users/kao51/OneDrive/Documents/GitHub/I-Remember-Prototype/MyProject/Saved/Config/Windows/Scalability.ini]
[2019.02.07-21.57.10:440][  0]LogConfig: Setting CVar [[r.TranslucencyLightingVolumeDim:64]]
[2019.02.07-21.57.10:440][  0]LogConfig: Setting CVar [[r.RefractionQuality:2]]
[2019.02.07-21.57.10:440][  0]LogConfig: Setting CVar [[r.SSR.Quality:3]]
[2019.02.07-21.57.10:440][  0]LogConfig: Setting CVar [[r.SceneColorFormat:4]]
[2019.02.07-21.57.10:440][  0]LogConfig: Setting CVar [[r.DetailMode:2]]
[2019.02.07-21.57.10:440][  0]LogConfig: Setting CVar [[r.TranslucencyVolumeBlur:1]]
[2019.02.07-21.57.10:440][  0]LogConfig: Setting CVar [[r.MaterialQualityLevel:1 ; High quality]]
[2019.02.07-21.57.10:440][  0]LogConfig: Setting CVar [[r.SSS.Scale:1]]
[2019.02.07-21.57.10:440][  0]LogConfig: Setting CVar [[r.SSS.SampleSet:2]]
[2019.02.07-21.57.10:440][  0]LogConfig: Setting CVar [[r.SSS.Quality:1]]
[2019.02.07-21.57.10:440][  0]LogConfig: Setting CVar [[r.SSS.HalfRes:1]]
[2019.02.07-21.57.10:441][  0]LogConfig: Setting CVar [[r.EmitterSpawnRateScale:1.0]]
[2019.02.07-21.57.10:441][  0]LogConfig: Setting CVar [[r.ParticleLightQuality:2]]
[2019.02.07-21.57.10:441][  0]LogConfig: Applying CVar settings from Section [FoliageQuality@3] File [C:/Users/kao51/OneDrive/Documents/GitHub/I-Remember-Prototype/MyProject/Saved/Config/Windows/Scalability.ini]
[2019.02.07-21.57.10:441][  0]LogConfig: Setting CVar [[foliage.DensityScale:1.0]]
[2019.02.07-21.57.10:441][  0]LogConfig: Setting CVar [[grass.DensityScale:1.0]]
[2019.02.07-21.57.10:441][  0]LogInit: Selected Device Profile: [Windows]
[2019.02.07-21.57.10:441][  0]LogInit: Applying CVar settings loaded from the selected device profile: [Windows]
[2019.02.07-21.57.10:462][  0]LogHAL: Display: Platform has ~ 16 GB [17027690496 / 17179869184 / 16], which maps to Larger [LargestMinGB=32, LargerMinGB=12, DefaultMinGB=8, SmallerMinGB=6, SmallestMinGB=0)
[2019.02.07-21.57.10:462][  0]LogConfig: Setting CVar [[r.Vulkan.UseRealUBs:1]]
[2019.02.07-21.57.10:462][  0]LogInit: Going up to parent DeviceProfile []
[2019.02.07-21.57.10:462][  0]LogConfig: Applying CVar settings from Section [ViewDistanceQuality@3] File [C:/Users/kao51/OneDrive/Documents/GitHub/I-Remember-Prototype/MyProject/Saved/Config/Windows/Scalability.ini]
[2019.02.07-21.57.10:462][  0]LogConfig: Setting CVar [[r.SkeletalMeshLODBias:0]]
[2019.02.07-21.57.10:462][  0]LogConfig: Setting CVar [[r.ViewDistanceScale:1.0]]
[2019.02.07-21.57.10:463][  0]LogConfig: Applying CVar settings from Section [AntiAliasingQuality@3] File [C:/Users/kao51/OneDrive/Documents/GitHub/I-Remember-Prototype/MyProject/Saved/Config/Windows/Scalability.ini]
[2019.02.07-21.57.10:463][  0]LogConfig: Setting CVar [[r.PostProcessAAQuality:4]]
[2019.02.07-21.57.10:463][  0]LogConfig: Applying CVar settings from Section [ShadowQuality@3] File [C:/Users/kao51/OneDrive/Documents/GitHub/I-Remember-Prototype/MyProject/Saved/Config/Windows/Scalability.ini]
[2019.02.07-21.57.10:463][  0]LogConfig: Setting CVar [[r.LightFunctionQuality:1]]
[2019.02.07-21.57.10:463][  0]LogConfig: Setting CVar [[r.ShadowQuality:5]]
[2019.02.07-21.57.10:463][  0]LogConfig: Setting CVar [[r.Shadow.CSM.MaxCascades:10]]
[2019.02.07-21.57.10:463][  0]LogConfig: Setting CVar [[r.Shadow.MaxResolution:2048]]
[2019.02.07-21.57.10:463][  0]LogConfig: Setting CVar [[r.Shadow.MaxCSMResolution:2048]]
[2019.02.07-21.57.10:463][  0]LogConfig: Setting CVar [[r.Shadow.RadiusThreshold:0.01]]
[2019.02.07-21.57.10:463][  0]LogConfig: Setting CVar [[r.Shadow.DistanceScale:1.0]]
[2019.02.07-21.57.10:463][  0]LogConfig: Setting CVar [[r.Shadow.CSM.TransitionScale:1.0]]
[2019.02.07-21.57.10:463][  0]LogConfig: Setting CVar [[r.Shadow.PreShadowResolutionFactor:1.0]]
[2019.02.07-21.57.10:463][  0]LogConfig: Setting CVar [[r.DistanceFieldShadowing:1]]
[2019.02.07-21.57.10:463][  0]LogConfig: Setting CVar [[r.DistanceFieldAO:1]]
[2019.02.07-21.57.10:463][  0]LogConfig: Setting CVar [[r.AOQuality:2]]
[2019.02.07-21.57.10:463][  0]LogConfig: Setting CVar [[r.VolumetricFog:1]]
[2019.02.07-21.57.10:463][  0]LogConfig: Setting CVar [[r.VolumetricFog.GridPixelSize:8]]
[2019.02.07-21.57.10:463][  0]LogConfig: Setting CVar [[r.VolumetricFog.GridSizeZ:128]]
[2019.02.07-21.57.10:463][  0]LogConfig: Setting CVar [[r.VolumetricFog.HistoryMissSupersampleCount:4]]
[2019.02.07-21.57.10:463][  0]LogConfig: Setting CVar [[r.LightMaxDrawDistanceScale:1]]
[2019.02.07-21.57.10:463][  0]LogConfig: Setting CVar [[r.CapsuleShadows:1]]
[2019.02.07-21.57.10:463][  0]LogConfig: Applying CVar settings from Section [PostProcessQuality@3] File [C:/Users/kao51/OneDrive/Documents/GitHub/I-Remember-Prototype/MyProject/Saved/Config/Windows/Scalability.ini]
[2019.02.07-21.57.10:463][  0]LogConfig: Setting CVar [[r.MotionBlurQuality:4]]
[2019.02.07-21.57.10:463][  0]LogConfig: Setting CVar [[r.AmbientOcclusionMipLevelFactor:0.4]]
[2019.02.07-21.57.10:463][  0]LogConfig: Setting CVar [[r.AmbientOcclusionMaxQuality:100]]
[2019.02.07-21.57.10:463][  0]LogConfig: Setting CVar [[r.AmbientOcclusionLevels:-1]]
[2019.02.07-21.57.10:463][  0]LogConfig: Setting CVar [[r.AmbientOcclusionRadiusScale:1.0]]
[2019.02.07-21.57.10:463][  0]LogConfig: Setting CVar [[r.DepthOfFieldQuality:2]]
[2019.02.07-21.57.10:463][  0]LogConfig: Setting CVar [[r.RenderTargetPoolMin:400]]
[2019.02.07-21.57.10:463][  0]LogConfig: Setting CVar [[r.LensFlareQuality:2]]
[2019.02.07-21.57.10:464][  0]LogConfig: Setting CVar [[r.SceneColorFringeQuality:1]]
[2019.02.07-21.57.10:464][  0]LogConfig: Setting CVar [[r.EyeAdaptationQuality:2]]
[2019.02.07-21.57.10:464][  0]LogConfig: Setting CVar [[r.BloomQuality:5]]
[2019.02.07-21.57.10:464][  0]LogConfig: Setting CVar [[r.FastBlurThreshold:100]]
[2019.02.07-21.57.10:464][  0]LogConfig: Setting CVar [[r.Upscale.Quality:3]]
[2019.02.07-21.57.10:464][  0]LogConfig: Setting CVar [[r.Tonemapper.GrainQuantization:1]]
[2019.02.07-21.57.10:464][  0]LogConfig: Setting CVar [[r.LightShaftQuality:1]]
[2019.02.07-21.57.10:464][  0]LogConfig: Setting CVar [[r.Filter.SizeScale:1]]
[2019.02.07-21.57.10:464][  0]LogConfig: Setting CVar [[r.Tonemapper.Quality:5]]
[2019.02.07-21.57.10:464][  0]LogConfig: Setting CVar [[r.DOF.Gather.AccumulatorQuality:1        ; higher gathering accumulator quality]]
[2019.02.07-21.57.10:464][  0]LogConfig: Setting CVar [[r.DOF.Gather.PostfilterMethod:1          ; Median3x3 postfilering method]]
[2019.02.07-21.57.10:464][  0]LogConfig: Setting CVar [[r.DOF.Gather.EnableBokehSettings:0       ; no bokeh simulation when gathering]]
[2019.02.07-21.57.10:464][  0]LogConfig: Setting CVar [[r.DOF.Gather.RingCount:4                 ; medium number of samples when gathering]]
[2019.02.07-21.57.10:464][  0]LogConfig: Setting CVar [[r.DOF.Scatter.ForegroundCompositing:1    ; additive foreground scattering]]
[2019.02.07-21.57.10:464][  0]LogConfig: Setting CVar [[r.DOF.Scatter.BackgroundCompositing:2    ; additive background scattering]]
[2019.02.07-21.57.10:464][  0]LogConfig: Setting CVar [[r.DOF.Scatter.EnableBokehSettings:1      ; bokeh simulation when scattering]]
[2019.02.07-21.57.10:464][  0]LogConfig: Setting CVar [[r.DOF.Scatter.MaxSpriteRatio:0.1         ; only a maximum of 10% of scattered bokeh]]
[2019.02.07-21.57.10:464][  0]LogConfig: Setting CVar [[r.DOF.Recombine.Quality:1                ; cheap slight out of focus]]
[2019.02.07-21.57.10:464][  0]LogConfig: Setting CVar [[r.DOF.Recombine.EnableBokehSettings:0    ; no bokeh simulation on slight out of focus]]
[2019.02.07-21.57.10:464][  0]LogConfig: Setting CVar [[r.DOF.TemporalAAQuality:1                ; more stable temporal accumulation]]
[2019.02.07-21.57.10:464][  0]LogConfig: Setting CVar [[r.DOF.Kernel.MaxForegroundRadius:0.025]]
[2019.02.07-21.57.10:464][  0]LogConfig: Setting CVar [[r.DOF.Kernel.MaxBackgroundRadius:0.025]]
[2019.02.07-21.57.10:464][  0]LogConfig: Applying CVar settings from Section [TextureQuality@3] File [C:/Users/kao51/OneDrive/Documents/GitHub/I-Remember-Prototype/MyProject/Saved/Config/Windows/Scalability.ini]
[2019.02.07-21.57.10:464][  0]LogConfig: Setting CVar [[r.Streaming.MipBias:0]]
[2019.02.07-21.57.10:464][  0]LogConfig: Setting CVar [[r.Streaming.AmortizeCPUToGPUCopy:0]]
[2019.02.07-21.57.10:464][  0]LogConfig: Setting CVar [[r.Streaming.MaxNumTexturesToStreamPerFrame:0]]
[2019.02.07-21.57.10:464][  0]LogConfig: Setting CVar [[r.Streaming.Boost:1]]
[2019.02.07-21.57.10:464][  0]LogConfig: Setting CVar [[r.MaxAnisotropy:8]]
[2019.02.07-21.57.10:465][  0]LogConfig: Setting CVar [[r.Streaming.LimitPoolSizeToVRAM:0]]
[2019.02.07-21.57.10:465][  0]LogConfig: Setting CVar [[r.Streaming.PoolSize:1000]]
[2019.02.07-21.57.10:465][  0]LogConfig: Setting CVar [[r.Streaming.MaxEffectiveScreenSize:0]]
[2019.02.07-21.57.10:465][  0]LogConfig: Applying CVar settings from Section [EffectsQuality@3] File [C:/Users/kao51/OneDrive/Documents/GitHub/I-Remember-Prototype/MyProject/Saved/Config/Windows/Scalability.ini]
[2019.02.07-21.57.10:465][  0]LogConfig: Setting CVar [[r.TranslucencyLightingVolumeDim:64]]
[2019.02.07-21.57.10:465][  0]LogConfig: Setting CVar [[r.RefractionQuality:2]]
[2019.02.07-21.57.10:465][  0]LogConfig: Setting CVar [[r.SSR.Quality:3]]
[2019.02.07-21.57.10:465][  0]LogConfig: Setting CVar [[r.SceneColorFormat:4]]
[2019.02.07-21.57.10:465][  0]LogConfig: Setting CVar [[r.DetailMode:2]]
[2019.02.07-21.57.10:465][  0]LogConfig: Setting CVar [[r.TranslucencyVolumeBlur:1]]
[2019.02.07-21.57.10:465][  0]LogConfig: Setting CVar [[r.MaterialQualityLevel:1 ; High quality]]
[2019.02.07-21.57.10:465][  0]LogConfig: Setting CVar [[r.SSS.Scale:1]]
[2019.02.07-21.57.10:465][  0]LogConfig: Setting CVar [[r.SSS.SampleSet:2]]
[2019.02.07-21.57.10:465][  0]LogConfig: Setting CVar [[r.SSS.Quality:1]]
[2019.02.07-21.57.10:465][  0]LogConfig: Setting CVar [[r.SSS.HalfRes:1]]
[2019.02.07-21.57.10:465][  0]LogConfig: Setting CVar [[r.EmitterSpawnRateScale:1.0]]
[2019.02.07-21.57.10:465][  0]LogConfig: Setting CVar [[r.ParticleLightQuality:2]]
[2019.02.07-21.57.10:465][  0]LogConfig: Applying CVar settings from Section [FoliageQuality@3] File [C:/Users/kao51/OneDrive/Documents/GitHub/I-Remember-Prototype/MyProject/Saved/Config/Windows/Scalability.ini]
[2019.02.07-21.57.10:465][  0]LogConfig: Setting CVar [[foliage.DensityScale:1.0]]
[2019.02.07-21.57.10:465][  0]LogConfig: Setting CVar [[grass.DensityScale:1.0]]
[2019.02.07-21.57.10:465][  0]LogConfig: Applying CVar settings from Section [Startup] File [../../../Engine/Config/ConsoleVariables.ini]
[2019.02.07-21.57.10:466][  0]LogConfig: Setting CVar [[net.UseAdaptiveNetUpdateFrequency:0]]
[2019.02.07-21.57.10:466][  0]LogConfig: Applying CVar settings from Section [ConsoleVariables] File [C:/Users/kao51/OneDrive/Documents/GitHub/I-Remember-Prototype/MyProject/Saved/Config/Windows/Engine.ini]
[2019.02.07-21.57.10:466][  0]LogInit: Computer: LAPTOP-IP7C7FJO
[2019.02.07-21.57.10:466][  0]LogInit: User: kao51
[2019.02.07-21.57.10:466][  0]LogInit: CPU Page size=4096, Cores=6
[2019.02.07-21.57.10:466][  0]LogInit: High frequency timer resolution =2.156252 MHz
[2019.02.07-21.57.10:467][  0]LogMemory: Memory total: Physical=15.9GB (16GB approx)
[2019.02.07-21.57.10:467][  0]LogMemory: Platform Memory Stats for Windows
[2019.02.07-21.57.10:467][  0]LogMemory: Process Physical Memory: 104.33 MB used, 104.33 MB peak
[2019.02.07-21.57.10:467][  0]LogMemory: Process Virtual Memory: 94.51 MB used, 94.51 MB peak
[2019.02.07-21.57.10:467][  0]LogMemory: Physical Memory: 6190.45 MB used,  10048.43 MB free, 16238.87 MB total
[2019.02.07-21.57.10:467][  0]LogMemory: Virtual Memory: 4668.29 MB used,  134213056.00 MB free, 134217728.00 MB total
[2019.02.07-21.57.10:497][  0]LogInit: Using OS detected language (en-US).
[2019.02.07-21.57.10:497][  0]LogInit: Using OS detected locale (en-US).
[2019.02.07-21.57.10:498][  0]LogTextLocalizationManager: No specific localization for 'en-US' exists, so the 'en' localization will be used.
[2019.02.07-21.57.10:840][  0]LogStreaming: Display: Took  0.344s to InitEngineTextLocalization.
[2019.02.07-21.57.10:841][  0]LogInit: Setting process to per monitor DPI aware
[2019.02.07-21.57.10:878][  0]LogSlate: New Slate User Created.  User Index 0, Is Virtual User: 0
[2019.02.07-21.57.10:878][  0]LogSlate: Slate User Registered.  User Index 0, Is Virtual User: 0
[2019.02.07-21.57.11:182][  0]LogHMD: Failed to initialize OpenVR with code 110
[2019.02.07-21.57.11:182][  0]LogD3D11RHI: D3D11 adapters:
[2019.02.07-21.57.11:253][  0]LogD3D11RHI:    0. 'NVIDIA GeForce GTX 1060' (Feature Level 11_0)
[2019.02.07-21.57.11:253][  0]LogD3D11RHI:       6052/0/8119 MB DedicatedVideo/DedicatedSystem/SharedSystem, Outputs:1, VendorId:0x10de
[2019.02.07-21.57.11:271][  0]LogD3D11RHI:    1. 'Intel(R) UHD Graphics 630' (Feature Level 11_0)
[2019.02.07-21.57.11:271][  0]LogD3D11RHI:       128/0/8119 MB DedicatedVideo/DedicatedSystem/SharedSystem, Outputs:0, VendorId:0x8086
[2019.02.07-21.57.11:273][  0]LogD3D11RHI:    2. 'Microsoft Basic Render Driver' (Feature Level 11_0)
[2019.02.07-21.57.11:273][  0]LogD3D11RHI:       0/0/8119 MB DedicatedVideo/DedicatedSystem/SharedSystem, Outputs:0, VendorId:0x1414
[2019.02.07-21.57.11:273][  0]LogD3D11RHI: Chosen D3D11 Adapter: 0
[2019.02.07-21.57.11:302][  0]LogD3D11RHI: Creating new Direct3DDevice
[2019.02.07-21.57.11:302][  0]LogD3D11RHI:     GPU DeviceId: 0x1c20 (for the marketing name, search the web for "GPU Device Id")
[2019.02.07-21.57.11:302][  0]LogWindows: EnumDisplayDevices:
[2019.02.07-21.57.11:303][  0]LogWindows:    0. 'Intel(R) UHD Graphics 630' (P:1 D:1)
[2019.02.07-21.57.11:303][  0]LogWindows:    1. 'Intel(R) UHD Graphics 630' (P:0 D:0)
[2019.02.07-21.57.11:303][  0]LogWindows:    2. 'Intel(R) UHD Graphics 630' (P:0 D:0)
[2019.02.07-21.57.11:303][  0]LogWindows:    3. 'NVIDIA GeForce GTX 1060' (P:0 D:0)
[2019.02.07-21.57.11:304][  0]LogWindows: DebugString: PrimaryIsNotTheChoosenAdapter PrimaryIsNotTheChoosenAdapter PrimaryIsNotTheChoosenAdapter 
[2019.02.07-21.57.11:304][  0]LogD3D11RHI:     Adapter Name: NVIDIA GeForce GTX 1060
[2019.02.07-21.57.11:304][  0]LogD3D11RHI:   Driver Version: 399.24 (internal:24.21.13.9924, unified:399.24)
[2019.02.07-21.57.11:304][  0]LogD3D11RHI:      Driver Date: 9-5-2018
[2019.02.07-21.57.11:304][  0]LogRHI: Texture pool is 4236 MB (70% of 6052 MB)
[2019.02.07-21.57.11:341][  0]LogD3D11RHI: Async texture creation enabled
[2019.02.07-21.57.11:358][  0]LogD3D11RHI: GPU Timing Frequency: 1000.000000 (Debug: 2 2)
[2019.02.07-21.57.11:623][  0]LogTemp: Display: Loaded TP AllDesktopTargetPlatform
[2019.02.07-21.57.11:634][  0]LogTemp: Display: Loaded TP MacClientTargetPlatform
[2019.02.07-21.57.11:645][  0]LogTemp: Display: Loaded TP MacNoEditorTargetPlatform
[2019.02.07-21.57.11:656][  0]LogTemp: Display: Loaded TP MacServerTargetPlatform
[2019.02.07-21.57.11:667][  0]LogTemp: Display: Loaded TP MacTargetPlatform
[2019.02.07-21.57.11:678][  0]LogTemp: Display: Loaded TP WindowsClientTargetPlatform
[2019.02.07-21.57.11:688][  0]LogTemp: Display: Loaded TP WindowsNoEditorTargetPlatform
[2019.02.07-21.57.11:698][  0]LogTemp: Display: Loaded TP WindowsServerTargetPlatform
[2019.02.07-21.57.11:703][  0]LogTemp: Display: Loaded TP WindowsTargetPlatform
[2019.02.07-21.57.11:765][  0]LogTemp: Display: Loaded TP AndroidTargetPlatform
[2019.02.07-21.57.11:765][  0]LogTemp: Display: Loaded TP AndroidTargetPlatform
[2019.02.07-21.57.11:765][  0]LogTemp: Display: Loaded TP AndroidTargetPlatform
[2019.02.07-21.57.11:765][  0]LogTemp: Display: Loaded TP AndroidTargetPlatform
[2019.02.07-21.57.11:765][  0]LogTemp: Display: Loaded TP AndroidTargetPlatform
[2019.02.07-21.57.11:765][  0]LogTemp: Display: Loaded TP AndroidTargetPlatform
[2019.02.07-21.57.11:765][  0]LogTemp: Display: Loaded TP AndroidTargetPlatform
[2019.02.07-21.57.11:765][  0]LogTemp: Display: Loaded TP AndroidTargetPlatform
[2019.02.07-21.57.11:765][  0]LogTemp: Display: Loaded TP AndroidTargetPlatform
[2019.02.07-21.57.11:765][  0]LogTemp: Display: Loaded TP AndroidTargetPlatform
[2019.02.07-21.57.11:765][  0]LogTemp: Display: Loaded TP AndroidTargetPlatform
[2019.02.07-21.57.11:765][  0]LogTemp: Display: Loaded TP AndroidTargetPlatform
[2019.02.07-21.57.11:765][  0]LogTemp: Display: Loaded TP AndroidTargetPlatform
[2019.02.07-21.57.11:765][  0]LogTemp: Display: Loaded TP AndroidTargetPlatform
[2019.02.07-21.57.11:765][  0]LogTemp: Display: Loaded TP AndroidTargetPlatform
[2019.02.07-21.57.11:765][  0]LogTemp: Display: Loaded TP AndroidTargetPlatform
[2019.02.07-21.57.11:765][  0]LogTemp: Display: Loaded TP AndroidTargetPlatform
[2019.02.07-21.57.11:765][  0]LogTemp: Display: Loaded TP AndroidTargetPlatform
[2019.02.07-21.57.11:767][  0]LogTemp: Display: Loaded TP HTML5TargetPlatform
[2019.02.07-21.57.11:823][  0]LogTemp: Display: Loaded TP IOSTargetPlatform
[2019.02.07-21.57.11:823][  0]LogTemp: Display: Loaded TP IOSTargetPlatform
[2019.02.07-21.57.11:880][  0]LogTemp: Display: Loaded TP TVOSTargetPlatform
[2019.02.07-21.57.11:880][  0]LogTemp: Display: Loaded TP TVOSTargetPlatform
[2019.02.07-21.57.11:894][  0]LogTemp: Display: Loaded TP LinuxClientTargetPlatform
[2019.02.07-21.57.11:906][  0]LogTemp: Display: Loaded TP LinuxNoEditorTargetPlatform
[2019.02.07-21.57.11:919][  0]LogTemp: Display: Loaded TP LinuxServerTargetPlatform
[2019.02.07-21.57.11:933][  0]LogTemp: Display: Loaded TP LinuxTargetPlatform
[2019.02.07-21.57.11:970][  0]LogTemp: Display: Loaded TP LuminTargetPlatform
[2019.02.07-21.57.11:970][  0]LogTemp: Display: Loaded TP LuminTargetPlatform
[2019.02.07-21.57.11:970][  0]LogTargetPlatformManager: Display: Building Assets For Windows
[2019.02.07-21.57.12:021][  0]LogShaderCompilers: Guid format shader working directory is -40 characters bigger than the processId version (../../../../../../Users/kao51/OneDrive/Documents/GitHub/I-Remember-Prototype/MyProject/Intermediate/Shaders/WorkingDirectory/1520/).
[2019.02.07-21.57.12:022][  0]LogShaderCompilers: Cleaned the shader compiler working directory 'C:/Users/kao51/AppData/Local/Temp/UnrealShaderWorkingDir/AEE1AB4749DA89225767518DD18F90FC/'.
[2019.02.07-21.57.12:023][  0]LogXGEController: Cannot use XGE Controller as Incredibuild is not installed on this machine.
[2019.02.07-21.57.12:023][  0]LogShaderCompilers: Cannot use XGE Shader Compiler as Incredibuild is not installed on this machine.
[2019.02.07-21.57.12:023][  0]LogShaderCompilers: Display: Using Local Shader Compiler.
[2019.02.07-21.57.12:489][  0]LogDerivedDataCache: Display: Max Cache Size: 512 MB
[2019.02.07-21.57.12:545][  0]LogDerivedDataCache: Loaded boot cache 0.06s 86MB C:/Users/kao51/AppData/Local/UnrealEngine/4.21/DerivedDataCache/Boot.ddc.
[2019.02.07-21.57.12:545][  0]LogDerivedDataCache: Display: Loaded Boot cache: C:/Users/kao51/AppData/Local/UnrealEngine/4.21/DerivedDataCache/Boot.ddc
[2019.02.07-21.57.12:545][  0]LogDerivedDataCache: FDerivedDataBackendGraph:  Pak pak cache file ../../../../../../Users/kao51/OneDrive/Documents/GitHub/I-Remember-Prototype/MyProject/DerivedDataCache/DDC.ddp not found, will not use a pak cache.
[2019.02.07-21.57.12:545][  0]LogDerivedDataCache: Unable to find inner node Pak for hierarchical cache Hierarchy.
[2019.02.07-21.57.12:545][  0]LogDerivedDataCache: FDerivedDataBackendGraph:  CompressedPak pak cache file ../../../../../../Users/kao51/OneDrive/Documents/GitHub/I-Remember-Prototype/MyProject/DerivedDataCache/Compressed.ddp not found, will not use a pak cache.
[2019.02.07-21.57.12:545][  0]LogDerivedDataCache: Unable to find inner node CompressedPak for hierarchical cache Hierarchy.
[2019.02.07-21.57.12:556][  0]LogDerivedDataCache: Display: Pak cache opened for reading ../../../Engine/DerivedDataCache/Compressed.ddp.
[2019.02.07-21.57.12:559][  0]LogDerivedDataCache: Display: Pak cache opened for reading ../../../Enterprise/DerivedDataCache/Compressed.ddp.
[2019.02.07-21.57.12:574][  0]LogDerivedDataCache: Using Local data cache path C:/Users/kao51/AppData/Local/UnrealEngine/Common/DerivedDataCache: Writable
[2019.02.07-21.57.12:574][  0]LogDerivedDataCache: Shared data cache path not found in *engine.ini, will not use an Shared cache.
[2019.02.07-21.57.12:574][  0]LogDerivedDataCache: Unable to find inner node Shared for hierarchical cache Hierarchy.
[2019.02.07-21.57.12:595][  0]LogMaterial: Verifying Global Shaders for PCD3D_SM5
[2019.02.07-21.57.12:596][  0]LogSlate: Using FreeType 2.6.0
[2019.02.07-21.57.12:596][  0]LogSlate: SlateFontServices - WITH_FREETYPE: 1, WITH_HARFBUZZ: 1
[2019.02.07-21.57.12:673][  0]LogAssetRegistry: FAssetRegistry took 0.0314 seconds to start up
[2019.02.07-21.57.12:984][  0]LogInit: Selected Device Profile: [Windows]
[2019.02.07-21.57.13:130][  0]LogSimplygon: Simplygon DLL not present - disabling.
[2019.02.07-21.57.13:134][  0]LogMeshReduction: Using SimplygonSwarm for distributed automatic mesh merging
[2019.02.07-21.57.13:134][  0]LogMeshReduction: Using ProxyLODMeshReduction for automatic mesh merging
[2019.02.07-21.57.13:134][  0]LogMeshReduction: Using QuadricMeshReduction for automatic static mesh reduction
[2019.02.07-21.57.13:134][  0]LogMeshReduction: No automatic skeletal mesh reduction module available
[2019.02.07-21.57.13:147][  0]LogNetVersion: MyProject 1.0.0, NetCL: 4541578, EngineNetVer: 5, GameNetVer: 0 (Checksum: 1637960414)
[2019.02.07-21.57.13:636][  0]LogPackageLocalizationCache: Processed 11 localized package path(s) for 2 prioritized culture(s) in 0.071030 seconds
[2019.02.07-21.57.13:643][  0]LogUObjectArray: 39775 objects as part of root set at end of initial load.
[2019.02.07-21.57.13:643][  0]LogUObjectAllocator: 6914664 out of 0 bytes used by permanent object pool.
[2019.02.07-21.57.13:643][  0]LogUObjectArray: CloseDisregardForGC: 0/0 objects in disregard for GC pool
[2019.02.07-21.57.14:486][  0]LogTcpMessaging: Initializing TcpMessaging bridge
[2019.02.07-21.57.14:499][  0]LogUdpMessaging: Initializing bridge on interface 0.0.0.0:0 to multicast group 230.0.0.1:6666.
[2019.02.07-21.57.15:521][  0]SourceControl: Source control is disabled
[2019.02.07-21.57.15:521][  0]SourceControl: Source control is disabled
[2019.02.07-21.57.15:523][  0]SourceControl: Source control is disabled
[2019.02.07-21.57.15:525][  0]SourceControl: Source control is disabled
[2019.02.07-21.57.15:728][  0]LogAndroidPermission: UAndroidPermissionCallbackProxy::GetInstance
[2019.02.07-21.57.15:800][  0]LogOcInput: OculusInput pre-init called
[2019.02.07-21.57.15:968][  0]LogEngine: Initializing Engine...
[2019.02.07-21.57.15:969][  0]LogHMD: Failed to initialize OpenVR with code 110
[2019.02.07-21.57.15:971][  0]LogStats: UGameplayTagsManager::ConstructGameplayTagTree: ImportINI prefixes -  0.000 s
[2019.02.07-21.57.15:971][  0]LogStats: UGameplayTagsManager::ConstructGameplayTagTree: Construct from data asset -  0.000 s
[2019.02.07-21.57.15:971][  0]LogStats: UGameplayTagsManager::ConstructGameplayTagTree: ImportINI -  0.000 s
[2019.02.07-21.57.15:971][  0]LogStats: UGameplayTagsManager::ConstructGameplayTagTree: GameplayTagTreeChangedEvent.Broadcast -  0.000 s
[2019.02.07-21.57.16:306][  0]LogInit: Initializing FReadOnlyCVARCache
[2019.02.07-21.57.16:326][  0]LogAIModule: Creating AISystem for world Untitled
[2019.02.07-21.57.16:415][  0]LogInit: XAudio2 using 'Speakers (Realtek(R) Audio)' : 2 channels at 48 kHz using 32 bits per sample (channel mask 0x3)
[2019.02.07-21.57.16:587][  0]LogInit: FAudioDevice initialized.
[2019.02.07-21.57.16:588][  0]LogNetVersion: Set ProjectVersion to 1.0.0.0. Version Checksum will be recalculated on next use.
[2019.02.07-21.57.16:661][  0]LogDerivedDataCache: Saved boot cache 0.07s 86MB C:/Users/kao51/AppData/Local/UnrealEngine/4.21/DerivedDataCache/Boot.ddc.
[2019.02.07-21.57.16:682][  0]LogInit: Texture streaming: Enabled
[2019.02.07-21.57.16:703][  0]LogEngineSessionManager: EngineSessionManager initialized
[2019.02.07-21.57.16:718][  0]LogInit: Transaction tracking system initialized
[2019.02.07-21.57.16:741][  0]BlueprintLog: New page: Editor Load
[2019.02.07-21.57.16:813][  0]LocalizationService: Localization service is disabled
[2019.02.07-21.57.17:296][  0]LogFileCache: Scanning file cache for directory 'C:/Users/kao51/OneDrive/Documents/GitHub/I-Remember-Prototype/MyProject/Content/' took 0.02s
[2019.02.07-21.57.17:296][  0]LogCook: Display: Max memory allowance for cook 16384mb min free memory 0mb
[2019.02.07-21.57.17:296][  0]LogCook: Display: Mobile HDR setting 1
[2019.02.07-21.57.17:296][  0]LogGameplayTags: Display: UGameplayTagsManager::DoneAddingNativeTags. DelegateIsBound: 0
[2019.02.07-21.57.17:296][  0]LogStats: UGameplayTagsManager::ConstructGameplayTagTree: ImportINI prefixes -  0.000 s
[2019.02.07-21.57.17:296][  0]LogStats: UGameplayTagsManager::ConstructGameplayTagTree: Construct from data asset -  0.000 s
[2019.02.07-21.57.17:296][  0]LogStats: UGameplayTagsManager::ConstructGameplayTagTree: ImportINI -  0.000 s
[2019.02.07-21.57.17:296][  0]LogStats: UGameplayTagsManager::ConstructGameplayTagTree: GameplayTagTreeChangedEvent.Broadcast -  0.000 s
[2019.02.07-21.57.17:449][  0]SourceControl: Source control is disabled
[2019.02.07-21.57.17:449][  0]Cmd: MAP LOAD FILE="../../../../../../Users/kao51/OneDrive/Documents/GitHub/I-Remember-Prototype/MyProject/Content/FirstPersonBP/Maps/FirstPersonExampleMap.umap" TEMPLATE=0 SHOWPROGRESS=1 FEATURELEVEL=3
[2019.02.07-21.57.17:449][  0]LightingResults: New page: Lighting Build
[2019.02.07-21.57.17:451][  0]MapCheck: New page: Map Check
[2019.02.07-21.57.17:451][  0]LightingResults: New page: Lighting Build
[2019.02.07-21.57.17:705][  0]LogLinker: Warning: Can't find file '/Game/FirstPersonBP/Maps/FirstPersonExampleMap_BuiltData'
[2019.02.07-21.57.17:706][  0]LogLinker: Warning: Can't find file for asset '/Game/FirstPersonBP/Maps/FirstPersonExampleMap_BuiltData' while loading ../../../../../../Users/kao51/OneDrive/Documents/GitHub/I-Remember-Prototype/MyProject/Content/FirstPersonBP/Maps/FirstPersonExampleMap.umap.
[2019.02.07-21.57.17:706][  0]LoadErrors: Error: /Game/FirstPersonBP/Maps/FirstPersonExampleMap : Can't find file for asset. /Game/FirstPersonBP/Maps/FirstPersonExampleMap_BuiltData
[2019.02.07-21.57.17:713][  0]LogLinker: Warning: Can't find file '/Game/FirstPersonBP/Maps/FirstPersonExampleMap_BuiltData'
[2019.02.07-21.57.17:713][  0]LogLinker: Warning: Can't find file for asset '/Game/FirstPersonBP/Maps/FirstPersonExampleMap_BuiltData' while loading ../../../../../../Users/kao51/OneDrive/Documents/GitHub/I-Remember-Prototype/MyProject/Content/FirstPersonBP/Maps/FirstPersonExampleMap.umap.
[2019.02.07-21.57.17:714][  0]LoadErrors: Error: /Game/FirstPersonBP/Maps/FirstPersonExampleMap : Can't find file for asset. /Game/FirstPersonBP/Maps/FirstPersonExampleMap_BuiltData
[2019.02.07-21.57.17:718][  0]LogLinker: Warning: Can't find file '/Game/FirstPersonBP/Maps/FirstPersonExampleMap_BuiltData'
[2019.02.07-21.57.17:718][  0]LogLinker: Warning: Can't find file for asset '/Game/FirstPersonBP/Maps/FirstPersonExampleMap_BuiltData' while loading NULL.
[2019.02.07-21.57.17:719][  0]LogLinker: Warning: Can't find file '/Game/FirstPersonBP/Maps/FirstPersonExampleMap_BuiltData'
[2019.02.07-21.57.17:719][  0]LogLinker: Warning: Can't find file for asset '/Game/FirstPersonBP/Maps/FirstPersonExampleMap_BuiltData' while loading NULL.
[2019.02.07-21.57.17:735][  0]LogLinker: Warning: Can't find file '/Game/FirstPersonBP/Maps/FirstPersonExampleMap_BuiltData'
[2019.02.07-21.57.17:735][  0]LoadErrors: Failed to load /Game/FirstPersonBP/Maps/FirstPersonExampleMap_BuiltData.FirstPersonExampleMap_BuiltData Referenced by PersistentLevel
[2019.02.07-21.57.17:735][  0]LogLinker: Warning: Can't find file for asset '/Game/FirstPersonBP/Maps/FirstPersonExampleMap_BuiltData' while loading NULL.
[2019.02.07-21.57.17:735][  0]LoadErrors: Failed to load /Game/FirstPersonBP/Maps/FirstPersonExampleMap_BuiltData.FirstPersonExampleMap_BuiltData Referenced by PersistentLevel
[2019.02.07-21.57.17:941][  0]LogAIModule: Creating AISystem for world FirstPersonExampleMap
[2019.02.07-21.57.17:956][  0]LogEditorServer: Finished looking for orphan Actors (0.000 secs)
[2019.02.07-21.57.17:993][  0]Cmd: MAP CHECKDEP NOCLEARLOG
[2019.02.07-21.57.17:993][  0]MapCheck: Map check complete: 0 Error(s), 0 Warning(s), took 0.22ms to complete.
[2019.02.07-21.57.17:993][  0]LogFileHelpers: Loading map 'FirstPersonExampleMap' took 0.545
[2019.02.07-21.57.18:146][  0]LogSlate: Updating window title bar state: overlay mode, drag disabled, window buttons hidden, title bar hidden
[2019.02.07-21.57.18:156][  0]LogSlate: Updating window title bar state: overlay mode, drag disabled, window buttons hidden, title bar hidden
[2019.02.07-21.57.18:163][  0]LogSlate: Updating window title bar state: overlay mode, drag disabled, window buttons hidden, title bar hidden
[2019.02.07-21.57.18:169][  0]LogSlate: Updating window title bar state: overlay mode, drag disabled, window buttons hidden, title bar hidden
[2019.02.07-21.57.18:175][  0]LogCollectionManager: Loaded 0 collections in 0.001335 seconds
[2019.02.07-21.57.18:219][  0]LogFileCache: Scanning file cache for directory 'C:/Users/kao51/OneDrive/Documents/GitHub/I-Remember-Prototype/MyProject/Saved/Collections/' took 0.01s
[2019.02.07-21.57.18:219][  0]LogFileCache: Scanning file cache for directory 'C:/Users/kao51/OneDrive/Documents/GitHub/I-Remember-Prototype/MyProject/Content/Developers/kao51/Collections/' took 0.01s
[2019.02.07-21.57.18:219][  0]LogFileCache: Scanning file cache for directory 'C:/Users/kao51/OneDrive/Documents/GitHub/I-Remember-Prototype/MyProject/Content/Collections/' took 0.01s
[2019.02.07-21.57.18:219][  0]LogCollectionManager: Rebuilt the GUID cache for 0 collections in 0.000000 seconds
[2019.02.07-21.57.18:230][  0]LogContentBrowser: Native class hierarchy populated in 0.0110 seconds. Added 2651 classes and 620 folders.
[2019.02.07-21.57.18:237][  0]LogContentBrowser: Native class hierarchy updated for 'WidgetCarousel' in 0.0003 seconds. Added 0 classes and 0 folders.
[2019.02.07-21.57.18:241][  0]LogPakFile: Registered encryption key '00000000000000000000000000000000': 0 pak files mounted, 0 remain pending
[2019.02.07-21.57.18:242][  0]LogPakFile: Registered encryption key '00000000000000000000000000000000': 0 pak files mounted, 0 remain pending
[2019.02.07-21.57.18:242][  0]LogPakFile: Registered encryption key '00000000000000000000000000000000': 0 pak files mounted, 0 remain pending
[2019.02.07-21.57.18:243][  0]LogPakFile: Registered encryption key '00000000000000000000000000000000': 0 pak files mounted, 0 remain pending
[2019.02.07-21.57.18:243][  0]LogPakFile: Registered encryption key '00000000000000000000000000000000': 0 pak files mounted, 0 remain pending
[2019.02.07-21.57.18:243][  0]LogPakFile: Registered encryption key '00000000000000000000000000000000': 0 pak files mounted, 0 remain pending
[2019.02.07-21.57.18:244][  0]LogPakFile: Registered encryption key '00000000000000000000000000000000': 0 pak files mounted, 0 remain pending
[2019.02.07-21.57.18:244][  0]LogPakFile: Registered encryption key '00000000000000000000000000000000': 0 pak files mounted, 0 remain pending
[2019.02.07-21.57.18:245][  0]LogPakFile: Registered encryption key '00000000000000000000000000000000': 0 pak files mounted, 0 remain pending
[2019.02.07-21.57.18:245][  0]LogPakFile: Registered encryption key '00000000000000000000000000000000': 0 pak files mounted, 0 remain pending
[2019.02.07-21.57.18:246][  0]LogPakFile: Registered encryption key '00000000000000000000000000000000': 0 pak files mounted, 0 remain pending
[2019.02.07-21.57.18:246][  0]LogPakFile: Registered encryption key '00000000000000000000000000000000': 0 pak files mounted, 0 remain pending
[2019.02.07-21.57.18:247][  0]LogPakFile: Registered encryption key '00000000000000000000000000000000': 0 pak files mounted, 0 remain pending
[2019.02.07-21.57.18:247][  0]LogPakFile: Registered encryption key '00000000000000000000000000000000': 0 pak files mounted, 0 remain pending
[2019.02.07-21.57.18:248][  0]LogPakFile: Registered encryption key '00000000000000000000000000000000': 0 pak files mounted, 0 remain pending
[2019.02.07-21.57.18:248][  0]LogPakFile: Registered encryption key '00000000000000000000000000000000': 0 pak files mounted, 0 remain pending
[2019.02.07-21.57.18:249][  0]LogPakFile: Registered encryption key '00000000000000000000000000000000': 0 pak files mounted, 0 remain pending
[2019.02.07-21.57.18:249][  0]LogPakFile: Registered encryption key '00000000000000000000000000000000': 0 pak files mounted, 0 remain pending
[2019.02.07-21.57.18:249][  0]LogPakFile: Registered encryption key '00000000000000000000000000000000': 0 pak files mounted, 0 remain pending
[2019.02.07-21.57.18:250][  0]LogPakFile: Registered encryption key '00000000000000000000000000000000': 0 pak files mounted, 0 remain pending
[2019.02.07-21.57.18:250][  0]LogPakFile: Registered encryption key '00000000000000000000000000000000': 0 pak files mounted, 0 remain pending
[2019.02.07-21.57.18:251][  0]LogPakFile: Registered encryption key '00000000000000000000000000000000': 0 pak files mounted, 0 remain pending
[2019.02.07-21.57.18:251][  0]LogPakFile: Registered encryption key '00000000000000000000000000000000': 0 pak files mounted, 0 remain pending
[2019.02.07-21.57.18:252][  0]LogPakFile: Registered encryption key '00000000000000000000000000000000': 0 pak files mounted, 0 remain pending
[2019.02.07-21.57.18:252][  0]LogPakFile: Registered encryption key '00000000000000000000000000000000': 0 pak files mounted, 0 remain pending
[2019.02.07-21.57.18:253][  0]LogPakFile: Registered encryption key '00000000000000000000000000000000': 0 pak files mounted, 0 remain pending
[2019.02.07-21.57.18:253][  0]LogPakFile: Registered encryption key '00000000000000000000000000000000': 0 pak files mounted, 0 remain pending
[2019.02.07-21.57.18:254][  0]LogPakFile: Registered encryption key '00000000000000000000000000000000': 0 pak files mounted, 0 remain pending
[2019.02.07-21.57.18:287][  0]LogContentBrowser: Native class hierarchy updated for 'AddContentDialog' in 0.0002 seconds. Added 0 classes and 0 folders.
[2019.02.07-21.57.18:334][  0]LogContentBrowser: Native class hierarchy updated for 'SceneOutliner' in 0.0003 seconds. Added 1 classes and 2 folders.
[2019.02.07-21.57.18:349][  0]LogSlate: Took 0.000286 seconds to synchronously load lazily loaded font '../../../Engine/Content/Slate/Fonts/Roboto-Regular.ttf' (155K)
[2019.02.07-21.57.18:352][  0]LogSlate: Took 0.000221 seconds to synchronously load lazily loaded font '../../../Engine/Content/Slate/Fonts/Roboto-Bold.ttf' (160K)
[2019.02.07-21.57.18:362][  0]LogSlate: Took 0.000995 seconds to synchronously load lazily loaded font '../../../Engine/Content/Editor/Slate/Fonts/FontAwesome.ttf' (139K)
[2019.02.07-21.57.18:456][  0]LogRenderer: Reallocating scene render targets to support 964x460 Format 10 NumSamples 1 (Frame:1).
[2019.02.07-21.57.18:702][  0]LogSlate: FSceneViewport::OnFocusLost() reason 2
[2019.02.07-21.57.18:726][  0]LogSlate: Window 'Tutorials' being destroyed
[2019.02.07-21.57.18:762][  0]LogContentBrowser: Native class hierarchy updated for 'HierarchicalLODOutliner' in 0.0004 seconds. Added 0 classes and 0 folders.
[2019.02.07-21.57.18:762][  0]LogLoad: (Engine Initialization) Total time: 10.33 seconds
[2019.02.07-21.57.18:762][  0]LogLoad: (Engine Initialization) Total Blueprint compile time: 0.00 seconds
[2019.02.07-21.57.18:784][  0]LogWindowsTextInputMethodSystem: Display: IME system now deactivated.
[2019.02.07-21.57.18:844][  0]LogContentStreaming: Texture pool size now 1000 MB
[2019.02.07-21.57.18:846][  0]LogSlate: FSceneViewport::OnFocusLost() reason 2
[2019.02.07-21.57.18:878][  0]LogSlate: Took 0.000926 seconds to synchronously load lazily loaded font '../../../Engine/Content/Slate/Fonts/Roboto-Light.ttf' (167K)
[2019.02.07-21.57.19:089][  2]LogAssetRegistry: Asset discovery search completed in 6.4376 seconds
[2019.02.07-21.57.19:092][  2]LogCollectionManager: Rebuilt the object cache for 0 collections in 0.000000 seconds (found 0 objects)
[2019.02.07-21.57.19:092][  2]LogCollectionManager: Fixed up redirectors for 0 collections in 0.000065 seconds (updated 0 objects)
[2019.02.07-21.57.51:154][681]LogTemp: Repeating last play command: Selected Viewport
[2019.02.07-21.57.51:160][681]LogBlueprintUserMessages: Early PlayInEditor Detection: Level '/Game/FirstPersonBP/Maps/FirstPersonExampleMap.FirstPersonExampleMap:PersistentLevel' has LevelScriptBlueprint '/Game/FirstPersonBP/Maps/FirstPersonExampleMap.FirstPersonExampleMap:PersistentLevel.FirstPersonExampleMap' with GeneratedClass '/Game/FirstPersonBP/Maps/FirstPersonExampleMap.FirstPersonExampleMap_C' with ClassGeneratedBy '/Game/FirstPersonBP/Maps/FirstPersonExampleMap.FirstPersonExampleMap:PersistentLevel.FirstPersonExampleMap'
[2019.02.07-21.57.51:160][681]LogPlayLevel: PlayLevel: No blueprints needed recompiling
[2019.02.07-21.57.51:160][681]PIE: New page: PIE session: FirstPersonExampleMap (Feb 7, 2019, 11:57:51 AM)
[2019.02.07-21.57.51:172][681]LogPlayLevel: Creating play world package: /Game/FirstPersonBP/Maps/UEDPIE_0_FirstPersonExampleMap
[2019.02.07-21.57.51:191][681]LogPlayLevel: PIE: StaticDuplicateObject took: (0.018977s)
[2019.02.07-21.57.51:192][681]LogAIModule: Creating AISystem for world FirstPersonExampleMap
[2019.02.07-21.57.51:192][681]LogPlayLevel: PIE: World Init took: (0.000685s)
[2019.02.07-21.57.51:192][681]LogPlayLevel: PIE: Created PIE world by copying editor world from /Game/FirstPersonBP/Maps/FirstPersonExampleMap.FirstPersonExampleMap to /Game/FirstPersonBP/Maps/UEDPIE_0_FirstPersonExampleMap.FirstPersonExampleMap (0.020042s)
[2019.02.07-21.57.51:227][681]LogInit: XAudio2 using 'Speakers (Realtek(R) Audio)' : 2 channels at 48 kHz using 32 bits per sample (channel mask 0x3)
[2019.02.07-21.57.51:256][681]LogInit: FAudioDevice initialized.
[2019.02.07-21.57.51:299][681]LogLoad: Game class is 'FirstPersonGameMode_C'
[2019.02.07-21.57.51:309][681]LogWorld: Bringing World /Game/FirstPersonBP/Maps/UEDPIE_0_FirstPersonExampleMap.FirstPersonExampleMap up for play (max tick rate 60) at 2019.02.07-16.57.51
[2019.02.07-21.57.51:311][681]LogWorld: Bringing up level for play took: 0.006748
[2019.02.07-21.57.51:344][681]LogContentBrowser: Native class hierarchy updated for 'MovieSceneCapture' in 0.0011 seconds. Added 20 classes and 0 folders.
[2019.02.07-21.57.51:346][681]PIE: Play in editor start time for /Game/FirstPersonBP/Maps/UEDPIE_0_FirstPersonExampleMap -0.798
[2019.02.07-21.57.51:347][681]LogBlueprintUserMessages: Late PlayInEditor Detection: Level '/Game/FirstPersonBP/Maps/FirstPersonExampleMap.FirstPersonExampleMap:PersistentLevel' has LevelScriptBlueprint '/Game/FirstPersonBP/Maps/FirstPersonExampleMap.FirstPersonExampleMap:PersistentLevel.FirstPersonExampleMap' with GeneratedClass '/Game/FirstPersonBP/Maps/FirstPersonExampleMap.FirstPersonExampleMap_C' with ClassGeneratedBy '/Game/FirstPersonBP/Maps/FirstPersonExampleMap.FirstPersonExampleMap:PersistentLevel.FirstPersonExampleMap'
[2019.02.07-21.59.00:259][804]LogSpawn: Warning: SpawnActor failed because of collision at the spawn location [X=-808.115 Y=1154.987 Z=258.560] for [FirstPersonProjectile_C]
[2019.02.07-21.59.06:257][164]LogBlueprintUserMessages: Early EndPlayMap Detection: Level '/Game/FirstPersonBP/Maps/FirstPersonExampleMap.FirstPersonExampleMap:PersistentLevel' has LevelScriptBlueprint '/Game/FirstPersonBP/Maps/FirstPersonExampleMap.FirstPersonExampleMap:PersistentLevel.FirstPersonExampleMap' with GeneratedClass '/Game/FirstPersonBP/Maps/FirstPersonExampleMap.FirstPersonExampleMap_C' with ClassGeneratedBy '/Game/FirstPersonBP/Maps/FirstPersonExampleMap.FirstPersonExampleMap:PersistentLevel.FirstPersonExampleMap'
[2019.02.07-21.59.06:258][164]LogSlate: Updating window title bar state: overlay mode, drag disabled, window buttons hidden, title bar hidden
[2019.02.07-21.59.06:293][164]LogPlayLevel: Display: Shutting down PIE online subsystems
[2019.02.07-21.59.06:293][164]LogBlueprintUserMessages: Late EndPlayMap Detection: Level '/Game/FirstPersonBP/Maps/FirstPersonExampleMap.FirstPersonExampleMap:PersistentLevel' has LevelScriptBlueprint '/Game/FirstPersonBP/Maps/FirstPersonExampleMap.FirstPersonExampleMap:PersistentLevel.FirstPersonExampleMap' with GeneratedClass '/Game/FirstPersonBP/Maps/FirstPersonExampleMap.FirstPersonExampleMap_C' with ClassGeneratedBy '/Game/FirstPersonBP/Maps/FirstPersonExampleMap.FirstPersonExampleMap:PersistentLevel.FirstPersonExampleMap'
[2019.02.07-21.59.06:346][164]LogSlate: Updating window title bar state: overlay mode, drag disabled, window buttons hidden, title bar hidden
[2019.02.07-21.59.06:355][165]LogPlayLevel: Display: Destroying online subsystem :Context_1
[2019.02.07-21.59.07:562][229]LogSlate: FSceneViewport::OnFocusLost() reason 0
[2019.02.07-21.59.09:884][355]LogSlate: Window 'Tutorials' being destroyed
[2019.02.07-22.00.51:865][466]LogUObjectGlobals: Warning: Failed to find object 'Object None.ActorDetails'
[2019.02.07-22.00.51:866][466]LogUObjectGlobals: Warning: Failed to find object 'Object None.ActorDetails'
[2019.02.07-22.01.15:084][858]LogSlate: Window 'Tutorials' being destroyed
[2019.02.07-22.01.15:089][858]LogSlate: Window 'Tutorials' being destroyed
[2019.02.07-22.01.18:136][ 41]LogEditorViewport: Clicking on Actor (context menu): StaticMeshActor (Floor)
[2019.02.07-22.01.18:183][ 41]LogSlate: FSceneViewport::OnFocusLost() reason 2
[2019.02.07-22.01.18:839][ 76]LogEditorViewport: Clicking on Actor (context menu): StaticMeshActor (Floor)
[2019.02.07-22.01.18:860][ 76]LogSlate: FSceneViewport::OnFocusLost() reason 2
[2019.02.07-22.01.19:627][122]LogEditorViewport: Clicking on Actor (LMB): StaticMeshActor (Floor)
[2019.02.07-22.03.53:217][331]LogEditorViewport: Clicking on Actor (context menu): StaticMeshActor (Floor)
[2019.02.07-22.03.53:240][331]LogSlate: FSceneViewport::OnFocusLost() reason 2
[2019.02.07-22.04.11:701][437]LogSlate: FSceneViewport::OnFocusLost() reason 2
[2019.02.07-22.04.13:385][537]LogSlate: Took 0.000152 seconds to synchronously load lazily loaded font '../../../Engine/Content/Slate/Fonts/Roboto-Light.ttf' (167K)
[2019.02.07-22.04.55:572][ 37]LogSlate: FSceneViewport::OnFocusLost() reason 2
[2019.02.07-22.06.09:864][494]LogEditorViewport: Clicking on Actor (context menu): StaticMeshActor (Floor)
[2019.02.07-22.06.09:885][494]LogSlate: FSceneViewport::OnFocusLost() reason 2
[2019.02.07-22.06.10:815][549]LogEditorViewport: Clicking on Actor (context menu): StaticMeshActor (Floor)
[2019.02.07-22.06.10:834][549]LogSlate: FSceneViewport::OnFocusLost() reason 2
[2019.02.07-22.06.11:796][605]LogEditorViewport: Clicking on Actor (LMB): StaticMeshActor (Floor)
[2019.02.07-22.06.15:519][827]LogEditorViewport: Clicking on Actor (context menu): StaticMeshActor (Floor)
[2019.02.07-22.06.15:541][827]LogSlate: FSceneViewport::OnFocusLost() reason 2
[2019.02.07-22.06.30:502][720]LogSlate: FSceneViewport::OnFocusLost() reason 0
[2019.02.07-22.07.14:559][666]LogSlate: FSceneViewport::OnFocusLost() reason 2
[2019.02.07-22.07.19:227][942]LogEditorViewport: Clicking on Actor (LMB): StaticMeshActor (Floor)
[2019.02.07-22.07.45:659][524]LogEditorViewport: Clicking on Actor (LMB): FirstPersonCharacter_C (FirstPersonCharacter)
[2019.02.07-22.07.48:902][711]LogSlate: FSceneViewport::OnFocusLost() reason 0
[2019.02.07-22.07.48:979][715]LogAssetEditorManager: Opening Asset editor for Blueprint /Game/FirstPersonBP/Blueprints/FirstPersonCharacter.FirstPersonCharacter
[2019.02.07-22.07.49:453][715]LogContentBrowser: Native class hierarchy updated for 'BlueprintGraph' in 0.0007 seconds. Added 117 classes and 0 folders.
[2019.02.07-22.07.50:200][715]LogSlate: Took 0.000958 seconds to synchronously load lazily loaded font '../../../Engine/Content/Slate/Fonts/Roboto-BoldCondensed.ttf' (158K)
[2019.02.07-22.07.50:372][716]LogSlate: Took 0.000919 seconds to synchronously load lazily loaded font '../../../Engine/Content/Slate/Fonts/Roboto-Italic.ttf' (157K)
